

*******************************************************************************
Wed Apr 29 15:51:42 2015


FIT:    data read from "test.dat"
        #datapoints = 999
        residuals are weighted equally (unit weight)

function used for fitting: f(x)
fitted parameters initialized with current variable values



 Iteration 0
 WSSR        : 1.27453e+09       delta(WSSR)/WSSR   : 0
 delta(WSSR) : 0                 limit for stopping : 1e-05
 lambda	  : 4919.79

initial set of free parameter values

a               = 1
b               = 1
c               = 1

After 9 iterations the fit converged.
final sum of squares of residuals : 7.08332
rel. change during last iteration : -1.02135e-06

degrees of freedom    (FIT_NDF)                        : 996
rms of residuals      (FIT_STDFIT) = sqrt(WSSR/ndf)    : 0.0843313
variance of residuals (reduced chisquare) = WSSR/ndf   : 0.00711177

Final set of parameters            Asymptotic Standard Error
=======================            ==========================

a               = 0.52248          +/- 0.02435      (4.661%)
b               = 0.813647         +/- 0.004102     (0.5041%)
c               = 0.509679         +/- 0.0005965    (0.117%)


correlation matrix of the fit parameters:

               a      b      c      
a               1.000 
b              -0.961  1.000 
c               0.945 -0.998  1.000 
