This is pdfTeXk, Version 3.141592-1.40.3 (Web2C 7.5.6) (format=latex 2015.1.29)  22 JUL 2015 14:59
entering extended mode
 %&-line parsing enabled.
**fs_qa.tex
(./fs_qa.tex
LaTeX2e <2005/12/01>
Babel <v3.8h> and hyphenation patterns for english, usenglishmax, dumylang, noh
yphenation, arabic, basque, bulgarian, coptic, welsh, czech, slovak, german, ng
erman, danish, esperanto, spanish, catalan, galician, estonian, farsi, finnish,
 french, greek, monogreek, ancientgreek, croatian, hungarian, interlingua, ibyc
us, indonesian, icelandic, italian, latin, mongolian, dutch, norsk, polish, por
tuguese, pinyin, romanian, russian, slovenian, uppersorbian, serbian, swedish, 
turkish, ukenglish, ukrainian, loaded.
(./iopart.cls
Document Class: iopart 1996/06/10 v0.0 IOP Journals LaTeX article class
(./iopart12.clo
File: iopart12.clo 1997/01/15 v1.0 LaTeX2e file (size option)
)
\c@jnl=\count79
\c@section=\count80
\c@subsection=\count81
\c@subsubsection=\count82
\c@paragraph=\count83
\c@subparagraph=\count84
\c@figure=\count85
\c@table=\count86
\abovecaptionskip=\skip41
\belowcaptionskip=\skip42
\indentedwidth=\skip43
\mathindent=\dimen102
\c@eqnval=\count87
) (/usr/share/texmf/tex/generic/babel/babel.sty
Package: babel 2005/11/23 v3.8h The Babel package

(/usr/share/texmf/tex/generic/babel/english.ldf
Language: english 2005/03/30 v3.3o English support from the babel system

(/usr/share/texmf/tex/generic/babel/babel.def
File: babel.def 2005/11/23 v3.8h Babel common definitions
\babel@savecnt=\count88
\U@D=\dimen103
)
\l@british = a dialect from \language\l@english 
\l@UKenglish = a dialect from \language\l@english 
\l@canadian = a dialect from \language\l@american 
\l@australian = a dialect from \language\l@british 
\l@newzealand = a dialect from \language\l@british 
))
(/usr/share/texmf/tex/latex/wasysym/wasysym.sty
Package: wasysym 2003/10/30 v2.0 Wasy-2 symbol support package
\symwasy=\mathgroup4
LaTeX Font Info:    Overwriting symbol font `wasy' in version `bold'
(Font)                  U/wasy/m/n --> U/wasy/b/n on input line 90.
)
(/usr/share/texmf/tex/latex/booktabs/booktabs.sty
Package: booktabs 2005/03/16 v1.6180 publication quality tables
\heavyrulewidth=\dimen104
\lightrulewidth=\dimen105
\cmidrulewidth=\dimen106
\belowrulesep=\dimen107
\belowbottomsep=\dimen108
\aboverulesep=\dimen109
\abovetopsep=\dimen110
\cmidrulesep=\dimen111
\cmidrulekern=\dimen112
\defaultaddspace=\dimen113
\@cmidla=\count89
\@cmidlb=\count90
\@aboverulesep=\dimen114
\@belowrulesep=\dimen115
\@thisruleclass=\count91
\@lastruleclass=\count92
\@thisrulewidth=\dimen116
)
(/usr/share/texmf/tex/latex/amsfonts/amssymb.sty
Package: amssymb 2002/01/22 v2.2d

(/usr/share/texmf/tex/latex/amsfonts/amsfonts.sty
Package: amsfonts 2001/10/25 v2.2f
\@emptytoks=\toks14
\symAMSa=\mathgroup5
\symAMSb=\mathgroup6
LaTeX Font Info:    Overwriting math alphabet `\mathfrak' in version `bold'
(Font)                  U/euf/m/n --> U/euf/b/n on input line 132.
))
(/usr/share/texmf/tex/latex/amsmath/amsbsy.sty
Package: amsbsy 1999/11/29 v1.2d

(/usr/share/texmf/tex/latex/amsmath/amsgen.sty
File: amsgen.sty 1999/11/30 v2.0
\@emptytoks=\toks15
\ex@=\dimen117
)
\pmbraise@=\dimen118
)
(/usr/share/texmf/tex/latex/tools/verbatim.sty
Package: verbatim 2003/08/22 v1.5q LaTeX2e package for verbatim enhancements
\every@verbatim=\toks16
\verbatim@line=\toks17
\verbatim@in@stream=\read1
)
(/usr/share/texmf/tex/latex/graphics/graphicx.sty
Package: graphicx 1999/02/16 v1.0f Enhanced LaTeX Graphics (DPC,SPQR)

(/usr/share/texmf/tex/latex/graphics/keyval.sty
Package: keyval 1999/03/16 v1.13 key=value parser (DPC)
\KV@toks@=\toks18
)
(/usr/share/texmf/tex/latex/graphics/graphics.sty
Package: graphics 2006/02/20 v1.0o Standard LaTeX Graphics (DPC,SPQR)

(/usr/share/texmf/tex/latex/graphics/trig.sty
Package: trig 1999/03/16 v1.09 sin cos tan (DPC)
)
(/usr/share/texmf/tex/latex/config/graphics.cfg
File: graphics.cfg 2007/01/18 v1.5 graphics configuration of teTeX/TeXLive
)
Package graphics Info: Driver file: pdftex.def on input line 90.

(/usr/share/texmf/tex/latex/pdftex-def/pdftex.def
File: pdftex.def 2007/01/08 v0.04d Graphics/color for pdfTeX
\Gread@gobject=\count93
))
\Gin@req@height=\dimen119
\Gin@req@width=\dimen120
)
(/usr/share/texmf/tex/latex/oberdiek/epstopdf.sty
Package: epstopdf 2006/08/26 v1.3 Conversion with epstopdf on the fly (HO)


Package epstopdf Warning: Shell escape feature is not enabled.

) (/usr/share/texmf/tex/latex/graphics/color.sty
Package: color 2005/11/14 v1.0j Standard LaTeX Color (DPC)

(/usr/share/texmf/tex/latex/config/color.cfg
File: color.cfg 2007/01/18 v1.5 color configuration of teTeX/TeXLive
)
Package color Info: Driver file: pdftex.def on input line 130.
)
(/usr/share/texmf/tex/latex/sidecap/sidecap.sty
Package: sidecap 2003/06/06 v1.6f SideCap Package (RN/HjG)

(/usr/share/texmf/tex/latex/base/ifthen.sty
Package: ifthen 2001/05/26 v1.1c Standard LaTeX ifthen package (DPC)
)
\SC@BOXWD=\dimen121
\SC@CAPWD=\dimen122
\SC@tempdima=\dimen123
\SC@tempdimb=\dimen124
\c@SC@C=\count94
\SC@BOX=\box26
)
(/usr/share/texmf/tex/latex/tools/bm.sty
Package: bm 2004/02/26 v1.1c Bold Symbol Support (DPC/FMi)
\symboldoperators=\mathgroup7
\symboldletters=\mathgroup8
\symboldsymbols=\mathgroup9
\symboldwasy=\mathgroup10
LaTeX Font Info:    Redeclaring math alphabet \mathbf on input line 137.
LaTeX Info: Redefining \bm on input line 203.
)
(/usr/share/texmf/tex/latex/hyperref/hyperref.sty
Package: hyperref 2007/02/07 v6.75r Hypertext links for LaTeX
\@linkdim=\dimen125
\Hy@linkcounter=\count95
\Hy@pagecounter=\count96

(/usr/share/texmf/tex/latex/hyperref/pd1enc.def
File: pd1enc.def 2007/02/07 v6.75r Hyperref: PDFDocEncoding definition (HO)
)
(/usr/share/texmf/tex/latex/config/hyperref.cfg
File: hyperref.cfg 2002/06/06 v1.2 hyperref configuration of TeXLive
)
(/usr/share/texmf/tex/latex/oberdiek/kvoptions.sty
Package: kvoptions 2006/08/22 v2.4 Connects package keyval with LaTeX options (
HO)
)
Package hyperref Info: Option `colorlinks' set `true' on input line 2238.
Package hyperref Info: Option `bookmarks' set `false' on input line 2238.
Package hyperref Info: Hyper figures OFF on input line 2288.
Package hyperref Info: Link nesting OFF on input line 2293.
Package hyperref Info: Hyper index ON on input line 2296.
Package hyperref Info: Plain pages OFF on input line 2303.
Package hyperref Info: Backreferencing OFF on input line 2308.

Implicit mode ON; LaTeX internals redefined
Package hyperref Info: Bookmarks OFF on input line 2450.
(/usr/share/texmf/tex/latex/ltxmisc/url.sty
\Urlmuskip=\muskip10
Package: url 2005/06/27  ver 3.2  Verb mode for urls, etc.
)
LaTeX Info: Redefining \url on input line 2599.
\Fld@menulength=\count97
\Field@Width=\dimen126
\Fld@charsize=\dimen127
\Choice@toks=\toks19
\Field@toks=\toks20
Package hyperref Info: Hyper figures OFF on input line 3102.
Package hyperref Info: Link nesting OFF on input line 3107.
Package hyperref Info: Hyper index ON on input line 3110.
Package hyperref Info: backreferencing OFF on input line 3117.
Package hyperref Info: Link coloring ON on input line 3120.
\Hy@abspage=\count98
\c@Item=\count99
\c@Hfootnote=\count100
)
*hyperref using default driver hpdftex*
(/usr/share/texmf/tex/latex/hyperref/hpdftex.def
File: hpdftex.def 2007/02/07 v6.75r Hyperref driver for pdfTeX
\Fld@listcount=\count101
) (./fs_qa.aux

LaTeX Warning: Label `fig4-neel-ener' multiply defined.


LaTeX Warning: Label `table:RV:sumruleN12' multiply defined.


LaTeX Warning: Label `table:RV:sumruleN12' multiply defined.

)
\openout1 = `fs_qa.aux'.

LaTeX Font Info:    Checking defaults for OML/cmm/m/it on input line 47.
LaTeX Font Info:    ... okay on input line 47.
LaTeX Font Info:    Checking defaults for T1/cmr/m/n on input line 47.
LaTeX Font Info:    ... okay on input line 47.
LaTeX Font Info:    Checking defaults for OT1/cmr/m/n on input line 47.
LaTeX Font Info:    ... okay on input line 47.
LaTeX Font Info:    Checking defaults for OMS/cmsy/m/n on input line 47.
LaTeX Font Info:    ... okay on input line 47.
LaTeX Font Info:    Checking defaults for OMX/cmex/m/n on input line 47.
LaTeX Font Info:    ... okay on input line 47.
LaTeX Font Info:    Checking defaults for U/cmr/m/n on input line 47.
LaTeX Font Info:    ... okay on input line 47.
LaTeX Font Info:    Checking defaults for PD1/pdf/m/n on input line 47.
LaTeX Font Info:    ... okay on input line 47.
 (/usr/share/texmf/tex/latex/ragged2e/ragged2e.sty
Package: ragged2e 2003/03/25 v2.04 ragged2e Package (MS)

(/usr/share/texmf/tex/latex/everysel/everysel.sty
Package: everysel 1999/06/08 v1.03 EverySelectfont Package (MS)
LaTeX Info: Redefining \selectfont on input line 125.
)
\CenteringLeftskip=\skip44
\RaggedLeftLeftskip=\skip45
\RaggedRightLeftskip=\skip46
\CenteringRightskip=\skip47
\RaggedLeftRightskip=\skip48
\RaggedRightRightskip=\skip49
\CenteringParfillskip=\skip50
\RaggedLeftParfillskip=\skip51
\RaggedRightParfillskip=\skip52
\JustifyingParfillskip=\skip53
\CenteringParindent=\skip54
\RaggedLeftParindent=\skip55
\RaggedRightParindent=\skip56
\JustifyingParindent=\skip57
)
Package hyperref Info: Link coloring ON on input line 47.

(/usr/share/texmf/tex/latex/hyperref/nameref.sty
Package: nameref 2006/12/27 v2.28 Cross-referencing by name of section

(/usr/share/texmf/tex/latex/oberdiek/refcount.sty
Package: refcount 2006/02/20 v3.0 Data extraction from references (HO)
)
\c@section@level=\count102
)
LaTeX Info: Redefining \ref on input line 47.
LaTeX Info: Redefining \pageref on input line 47.
LaTeX Font Info:    Try loading font information for U+wasy on input line 55.

(/usr/share/texmf/tex/latex/wasysym/uwasy.fd
File: uwasy.fd 2003/10/30 v2.0 Wasy-2 symbol font definitions
)
LaTeX Font Info:    Try loading font information for U+msa on input line 55.

(/usr/share/texmf/tex/latex/amsfonts/umsa.fd
File: umsa.fd 2002/01/19 v2.2g AMS font definitions
)
LaTeX Font Info:    Try loading font information for U+msb on input line 55.

(/usr/share/texmf/tex/latex/amsfonts/umsb.fd
File: umsb.fd 2002/01/19 v2.2g AMS font definitions
)

LaTeX Font Warning: Font shape `U/wasy/b/n' in size <8> not available
(Font)              Font shape `U/wasy/m/n' tried instead on input line 55.


LaTeX Font Warning: Font shape `U/wasy/b/n' in size <6> not available
(Font)              Font shape `U/wasy/m/n' tried instead on input line 55.


LaTeX Font Warning: Font shape `U/wasy/b/n' in size <7> not available
(Font)              Font shape `U/wasy/m/n' tried instead on input line 58.


LaTeX Font Warning: Font shape `U/wasy/b/n' in size <5> not available
(Font)              Font shape `U/wasy/m/n' tried instead on input line 58.

[1

{/var/lib/texmf/fonts/map/pdftex/updmap/pdftex.map}] [2]

LaTeX Warning: Citation `bethe-1931' on page 3 undefined on input line 190.


LaTeX Warning: Citation `taka-book' on page 3 undefined on input line 190.


Underfull \hbox (badness 1297) in paragraph at lines 233--235
[]\OT1/cmr/m/n/12 Each $\OML/cmm/m/it/12 M$\OT1/cmr/m/n/12 -particle eigenstate
 can be characterized by its ``string content'' $\OMS/cmsy/m/n/12 S ^^Q
 []

[3]pdfTeX warning (ext4): destination with the same identifier (name{equation.1
1}) has been already used, duplicate ignored
<to be read again> 
                   \relax 
l.244 \begin{equation}
                      pdfTeX warning (ext4): destination with the same identifi
er (name{equation.11}) has been already used, duplicate ignored
<to be read again> 
                   \relax 
l.244 \begin{equation}
                      pdfTeX warning (ext4): destination with the same identifi
er (name{equation.11}) has been already used, duplicate ignored
<to be read again> 
                   \relax 
l.244 \begin{equation}
                      pdfTeX warning (ext4): destination with the same identifi
er (name{equation.11}) has been already used, duplicate ignored
<to be read again> 
                   \relax 
l.244 \begin{equation}
                      
Overfull \hbox (4.46135pt too wide) detected at line 283
$ [][]\OML/cmm/m/it/12 G[] \OT1/cmr/m/n/12 = \OML/cmm/m/it/12 ^^N[][]NK[]\OT1/c
mr/m/n/12 (\OML/cmm/m/it/12 ^^U[]\OT1/cmr/m/n/12 ) \OMS/cmsy/m/n/12 ^^@ [] \OML
/cmm/m/it/12 K[]\OT1/cmr/m/n/12 (\OML/cmm/m/it/12 ^^U[]; ^^U[]\OT1/cmr/m/n/12 )
[] + \OML/cmm/m/it/12 K[]\OT1/cmr/m/n/12 (\OML/cmm/m/it/12 ^^U[]; ^^U[]\OT1/cmr
/m/n/12 )\OML/cmm/m/it/12 ;   j; k \OT1/cmr/m/n/12 = 1\OML/cmm/m/it/12 ; [] ; m
[]$ []\OT1/cmr/m/n/12 (13)[]
 []

[4]
Overfull \hbox (64.8554pt too wide) detected at line 333
$ []| []\OML/cmm/m/it/12 G[] \OT1/cmr/m/n/12 = [] []$ [](16)[]
 []


Overfull \hbox (186.09096pt too wide) detected at line 350
$ []| []\OML/cmm/m/it/12 G[] \OT1/cmr/m/n/12 = [] []$ [](17)[]
 []

<./draft_figs/L20_BT_check.pdf, id=72, 791.95876pt x 335.2525pt>
File: ./draft_figs/L20_BT_check.pdf Graphic file (type pdf)

<use ./draft_figs/L20_BT_check.pdf>
<./draft_figs/Neel.pdf, id=73, 1265.72874pt x 532.99126pt>
File: ./draft_figs/Neel.pdf Graphic file (type pdf)

<use ./draft_figs/Neel.pdf>
<./draft_figs/Dimer.pdf, id=74, 1277.77374pt x 528.97626pt>
File: ./draft_figs/Dimer.pdf Graphic file (type pdf)

<use ./draft_figs/Dimer.pdf>
<./draft_figs/Neel_over_ener.pdf, id=75, 789.95125pt x 436.63126pt>
File: ./draft_figs/Neel_over_ener.pdf Graphic file (type pdf)

<use ./draft_figs/Neel_over_ener.pdf>
<./draft_figs/QAMC_Obs_Neel.pdf, id=76, 793.96625pt x 337.26pt>
File: ./draft_figs/QAMC_Obs_Neel.pdf Graphic file (type pdf)

<use ./draft_figs/QAMC_Obs_Neel.pdf> [5]

LaTeX Warning: Text page 6 contains only floats.

[6 <./draft_figs/L20_BT_check.pdf> <./draft_figs/Neel.pdf>] [7 <./draft_figs/Di
mer.pdf> <./draft_figs/Neel_over_ener.pdf>] [8 <./draft_figs/QAMC_Obs_Neel.pdf>
]

LaTeX Warning: `h' float specifier changed to `ht'.


LaTeX Warning: `h' float specifier changed to `ht'.


LaTeX Warning: `h' float specifier changed to `ht'.

[9] [10]
Underfull \vbox (badness 10000) has occurred while \output is active []

 [11]
(./fs_qa.aux)

LaTeX Warning: There were undefined references.


LaTeX Warning: There were multiply-defined labels.

 ) 
Here is how much of TeX's memory you used:
 4113 strings out of 256217
 52072 string characters out of 1917095
 132427 words of memory out of 1500000
 7250 multiletter control sequences out of 10000+200000
 18182 words of font info for 69 fonts, out of 1200000 for 2000
 645 hyphenation exceptions out of 8191
 25i,12n,32p,998b,362s stack positions out of 5000i,500n,6000p,200000b,15000s
</usr/share/texmf/fonts/type1/bluesky/cm/cmbx10.pfb></usr/share/texmf/fonts/t
ype1/bluesky/cm/cmbx12.pfb></usr/share/texmf/fonts/type1/bluesky/cm/cmex10.pfb>
</usr/share/texmf/fonts/type1/bluesky/cm/cmmi10.pfb></usr/share/texmf/fonts/typ
e1/bluesky/cm/cmmi12.pfb></usr/share/texmf/fonts/type1/bluesky/cm/cmmi6.pfb></u
sr/share/texmf/fonts/type1/bluesky/cm/cmmi7.pfb></usr/share/texmf/fonts/type1/b
luesky/cm/cmmi8.pfb></usr/share/texmf/fonts/type1/bluesky/cm/cmr10.pfb></usr/sh
are/texmf/fonts/type1/bluesky/cm/cmr12.pfb></usr/share/texmf/fonts/type1/bluesk
y/cm/cmr6.pfb></usr/share/texmf/fonts/type1/bluesky/cm/cmr7.pfb></usr/share/tex
mf/fonts/type1/bluesky/cm/cmr8.pfb></usr/share/texmf/fonts/type1/bluesky/cm/cms
y10.pfb></usr/share/texmf/fonts/type1/bluesky/cm/cmsy7.pfb></usr/share/texmf/fo
nts/type1/bluesky/cm/cmsy8.pfb></usr/share/texmf/fonts/type1/bluesky/cm/cmti12.
pfb></usr/share/texmf/fonts/type1/public/cmex/fmex8.pfb>
Output written on fs_qa.pdf (11 pages, 2531458 bytes).
PDF statistics:
 245 PDF objects out of 1000 (max. 8388607)
 65 named destinations out of 1000 (max. 131072)
 42 words of extra memory for PDF output out of 10000 (max. 10000000)

